<html>
<head>
<title>TestNG:  Default test</title>
<link href="../testng.css" rel="stylesheet" type="text/css" />
<link href="../my-testng.css" rel="stylesheet" type="text/css" />

<style type="text/css">
.log { display: none;} 
.stack-trace { display: none;} 
</style>
<script type="text/javascript">
<!--
function flip(e) {
  current = e.style.display;
  if (current == 'block') {
    e.style.display = 'none';
    return 0;
  }
  else {
    e.style.display = 'block';
    return 1;
  }
}

function toggleBox(szDivId, elem, msg1, msg2)
{
  var res = -1;  if (document.getElementById) {
    res = flip(document.getElementById(szDivId));
  }
  else if (document.all) {
    // this is the way old msie versions work
    res = flip(document.all[szDivId]);
  }
  if(elem) {
    if(res == 0) elem.innerHTML = msg1; else elem.innerHTML = msg2;
  }

}

function toggleAllBoxes() {
  if (document.getElementsByTagName) {
    d = document.getElementsByTagName('div');
    for (i = 0; i < d.length; i++) {
      if (d[i].className == 'log') {
        flip(d[i]);
      }
    }
  }
}

// -->
</script>

</head>
<body>
<h2 align='center'>Default test</h2><table border='1' align="center">
<tr>
<td>Tests passed/Failed/Skipped:</td><td>0/0/8</td>
</tr><tr>
<td>Started on:</td><td>Fri Aug 07 12:19:57 IST 2015</td>
</tr>
<tr><td>Total time:</td><td>2 seconds (2625 ms)</td>
</tr><tr>
<td>Included groups:</td><td></td>
</tr><tr>
<td>Excluded groups:</td><td></td>
</tr>
</table><p/>
<small><i>(Hover the method name to see the test class name)</i></small><p/>
<table width='100%' border='1' class='invocation-failed'>
<tr><td colspan='4' align='center'><b>FAILED CONFIGURATIONS</b></td></tr>
<tr><td><b>Test method</b></td>
<td width="30%"><b>Exception</b></td>
<td width="10%"><b>Time (seconds)</b></td>
<td><b>Instance</b></td>
</tr>
<tr>
<td title='testcase.Registeration.openBrowser()'><b>openBrowser</b><br>Test class: testcase.Registeration</td>
<td><div><pre>org.testng.TestNGException: 
Parameter &apos;browser&apos; is required by @Configuration on method openBrowser but has not been marked @Optional or defined
in C:\Users\susheel.thakur\AppData\Local\Temp\testng-eclipse-1260841856\testng-customsuite.xml
	at org.testng.internal.Parameters.createParameters(Parameters.java:155)
	at org.testng.internal.Parameters.createParameters(Parameters.java:358)
	at org.testng.internal.Parameters.createConfigurationParameters(Parameters.java:86)
	at org.testng.internal.Invoker.invokeConfigurations(Invoker.java:199)
	at org.testng.internal.Invoker.invokeConfigurations(Invoker.java:138)
	at org.testng.TestRunner.beforeRun(TestRunner.java:641)
	at org.testng.TestRunner.run(TestRunner.java:609)
	at org.testng.SuiteRunner.runTest(SuiteRunner.java:334)
	at org.testng.SuiteRunner.runSequentially(SuiteRunner.java:329)
	at org.testng.SuiteRunner.privateRun(SuiteRunner.java:291)
	at org.testng.SuiteRunner.run(SuiteRunner.java:240)
	at org.testng.SuiteRunnerWorker.runSuite(SuiteRunnerWorker.java:52)
	at org.testng.SuiteRunnerWorker.run(SuiteRunnerWorker.java:86)
	at org.testng.TestNG.runSuitesSequentially(TestNG.java:1224)
	at org.testng.TestNG.runSuitesLocally(TestNG.java:1149)
	at org.testng.TestNG.run(TestNG.java:1057)
	at org.testng.remote.RemoteTestNG.run(RemoteTestNG.java:111)
	at org.testng.remote.RemoteTestNG.initAndRun(RemoteTestNG.java:204)
	at org.testng.remote.RemoteTestNG.main(RemoteTestNG.java:175)
</pre></div><a href='#' onClick='toggleBox("stack-trace1701108693", this, "Click to show all stack frames", "Click to hide stack frames")'>Click to show all stack frames</a>
<div class='stack-trace' id='stack-trace1701108693'><pre>org.testng.TestNGException: 
Parameter &apos;browser&apos; is required by @Configuration on method openBrowser but has not been marked @Optional or defined
in C:\Users\susheel.thakur\AppData\Local\Temp\testng-eclipse-1260841856\testng-customsuite.xml
	at org.testng.internal.Parameters.createParameters(Parameters.java:155)
	at org.testng.internal.Parameters.createParameters(Parameters.java:358)
	at org.testng.internal.Parameters.createConfigurationParameters(Parameters.java:86)
	at org.testng.internal.Invoker.invokeConfigurations(Invoker.java:199)
	at org.testng.internal.Invoker.invokeConfigurations(Invoker.java:138)
	at org.testng.TestRunner.beforeRun(TestRunner.java:641)
	at org.testng.TestRunner.run(TestRunner.java:609)
	at org.testng.SuiteRunner.runTest(SuiteRunner.java:334)
	at org.testng.SuiteRunner.runSequentially(SuiteRunner.java:329)
	at org.testng.SuiteRunner.privateRun(SuiteRunner.java:291)
	at org.testng.SuiteRunner.run(SuiteRunner.java:240)
	at org.testng.SuiteRunnerWorker.runSuite(SuiteRunnerWorker.java:52)
	at org.testng.SuiteRunnerWorker.run(SuiteRunnerWorker.java:86)
	at org.testng.TestNG.runSuitesSequentially(TestNG.java:1224)
	at org.testng.TestNG.runSuitesLocally(TestNG.java:1149)
	at org.testng.TestNG.run(TestNG.java:1057)
	at org.testng.remote.RemoteTestNG.run(RemoteTestNG.java:111)
	at org.testng.remote.RemoteTestNG.initAndRun(RemoteTestNG.java:204)
	at org.testng.remote.RemoteTestNG.main(RemoteTestNG.java:175)
</pre></div></td>
<td>0</td>
<td>null</td></tr>
</table><p>
<table width='100%' border='1' class='invocation-skipped'>
<tr><td colspan='4' align='center'><b>SKIPPED CONFIGURATIONS</b></td></tr>
<tr><td><b>Test method</b></td>
<td width="30%"><b>Exception</b></td>
<td width="10%"><b>Time (seconds)</b></td>
<td><b>Instance</b></td>
</tr>
<tr>
<td title='testcase.Registeration.closeWindow()'><b>closeWindow</b><br>Test class: testcase.Registeration</td>
<td></td>
<td>0</td>
<td>testcase.Registeration@311671b2</td></tr>
<tr>
<td title='testcase.Registeration.closeWindow()'><b>closeWindow</b><br>Test class: testcase.Registeration</td>
<td></td>
<td>0</td>
<td>testcase.Registeration@311671b2</td></tr>
<tr>
<td title='testcase.Registeration.closeWindow()'><b>closeWindow</b><br>Test class: testcase.Registeration</td>
<td></td>
<td>0</td>
<td>testcase.Registeration@311671b2</td></tr>
<tr>
<td title='testcase.Registeration.closeWindow()'><b>closeWindow</b><br>Test class: testcase.Registeration</td>
<td></td>
<td>0</td>
<td>testcase.Registeration@311671b2</td></tr>
<tr>
<td title='testcase.Registeration.closeWindow()'><b>closeWindow</b><br>Test class: testcase.Registeration</td>
<td></td>
<td>0</td>
<td>testcase.Registeration@311671b2</td></tr>
<tr>
<td title='testcase.Registeration.closeWindow()'><b>closeWindow</b><br>Test class: testcase.Registeration</td>
<td></td>
<td>0</td>
<td>testcase.Registeration@311671b2</td></tr>
<tr>
<td title='testcase.Registeration.closeWindow()'><b>closeWindow</b><br>Test class: testcase.Registeration</td>
<td></td>
<td>0</td>
<td>testcase.Registeration@311671b2</td></tr>
<tr>
<td title='testcase.Registeration.closeWindow()'><b>closeWindow</b><br>Test class: testcase.Registeration</td>
<td></td>
<td>0</td>
<td>testcase.Registeration@311671b2</td></tr>
<tr>
<td title='testcase.Registeration.closeBrowser()'><b>closeBrowser</b><br>Test class: testcase.Registeration</td>
<td></td>
<td>0</td>
<td>null</td></tr>
</table><p>
<table width='100%' border='1' class='invocation-skipped'>
<tr><td colspan='4' align='center'><b>SKIPPED TESTS</b></td></tr>
<tr><td><b>Test method</b></td>
<td width="30%"><b>Exception</b></td>
<td width="10%"><b>Time (seconds)</b></td>
<td><b>Instance</b></td>
</tr>
<tr>
<td title='testcase.Registeration.Login()'><b>Login</b><br>Test class: testcase.Registeration<br>Parameters: 17, 8, anil43@mailinator.com, f00bar12, Sunil</td>
<td></td>
<td>0</td>
<td>testcase.Registeration@311671b2</td></tr>
<tr>
<td title='testcase.Registeration.closeRegisteration_Shutter()'><b>closeRegisteration_Shutter</b><br>Test class: testcase.Registeration<br>Parameters: 12, 8</td>
<td></td>
<td>0</td>
<td>testcase.Registeration@311671b2</td></tr>
<tr>
<td title='testcase.Registeration.forgetPassword()'><b>forgetPassword</b><br>Test class: testcase.Registeration<br>Parameters: 16, 8, anil43@mailinator.com</td>
<td></td>
<td>0</td>
<td>testcase.Registeration@311671b2</td></tr>
<tr>
<td title='testcase.Registeration.forget_pwd_email_verification()'><b>forget_pwd_email_verification</b><br>Test class: testcase.Registeration<br>Parameters: 16, 8, anil43@mailinator.com</td>
<td></td>
<td>0</td>
<td>testcase.Registeration@311671b2</td></tr>
<tr>
<td title='testcase.Registeration.logout()'><b>logout</b><br>Test class: testcase.Registeration<br>Parameters: 15, 8</td>
<td></td>
<td>0</td>
<td>testcase.Registeration@311671b2</td></tr>
<tr>
<td title='testcase.Registeration.openRegisteration()'><b>openRegisteration</b><br>Test class: testcase.Registeration<br>Parameters: 10, 8</td>
<td></td>
<td>0</td>
<td>testcase.Registeration@311671b2</td></tr>
<tr>
<td title='testcase.Registeration.user_Registeration()'><b>user_Registeration</b><br>Test class: testcase.Registeration<br>Parameters: 14, 8, Sunil, anil43@mailinator.com, f00bar12, f00bar12, 9910881849</td>
<td></td>
<td>0</td>
<td>testcase.Registeration@311671b2</td></tr>
<tr>
<td title='testcase.Registeration.user_Registeration_Validations()'><b>user_Registeration_Validations</b><br>Test class: testcase.Registeration<br>Parameters: 13, 8</td>
<td></td>
<td>0</td>
<td>testcase.Registeration@311671b2</td></tr>
</table><p>
</body>
</html>