<html>
<head>
<title>TestNG:  Firefox4 Result</title>
<link href="../testng.css" rel="stylesheet" type="text/css" />
<link href="../my-testng.css" rel="stylesheet" type="text/css" />

<style type="text/css">
.log { display: none;} 
.stack-trace { display: none;} 
</style>
<script type="text/javascript">
<!--
function flip(e) {
  current = e.style.display;
  if (current == 'block') {
    e.style.display = 'none';
    return 0;
  }
  else {
    e.style.display = 'block';
    return 1;
  }
}

function toggleBox(szDivId, elem, msg1, msg2)
{
  var res = -1;  if (document.getElementById) {
    res = flip(document.getElementById(szDivId));
  }
  else if (document.all) {
    // this is the way old msie versions work
    res = flip(document.all[szDivId]);
  }
  if(elem) {
    if(res == 0) elem.innerHTML = msg1; else elem.innerHTML = msg2;
  }

}

function toggleAllBoxes() {
  if (document.getElementsByTagName) {
    d = document.getElementsByTagName('div');
    for (i = 0; i < d.length; i++) {
      if (d[i].className == 'log') {
        flip(d[i]);
      }
    }
  }
}

// -->
</script>

</head>
<body>
<h2 align='center'>Firefox4 Result</h2><table border='1' align="center">
<tr>
<td>Tests passed/Failed/Skipped:</td><td>11/2/0</td>
</tr><tr>
<td>Started on:</td><td>Fri Jul 31 10:53:30 IST 2015</td>
</tr>
<tr><td>Total time:</td><td>139 seconds (139003 ms)</td>
</tr><tr>
<td>Included groups:</td><td></td>
</tr><tr>
<td>Excluded groups:</td><td></td>
</tr>
</table><p/>
<small><i>(Hover the method name to see the test class name)</i></small><p/>
<table width='100%' border='1' class='invocation-failed'>
<tr><td colspan='4' align='center'><b>FAILED TESTS</b></td></tr>
<tr><td><b>Test method</b></td>
<td width="30%"><b>Exception</b></td>
<td width="10%"><b>Time (seconds)</b></td>
<td><b>Instance</b></td>
</tr>
<tr>
<td title='testcase.Registeration.logout()'><b>logout</b><br>Test class: testcase.Registeration<br>Parameters: 15, 8</td>
<td><div><pre>org.openqa.selenium.NoSuchElementException: Unable to locate element: {&quot;method&quot;:&quot;id&quot;,&quot;selector&quot;:&quot;home_account&quot;}
Command duration or timeout: 15.10 seconds
For documentation on this error, please visit: http://seleniumhq.org/exceptions/no_such_element.html
Build info: version: &apos;2.46.0&apos;, revision: &apos;87c69e2&apos;, time: &apos;2015-06-04 16:16:47&apos;
System info: host: &apos;NODTBSD176AG&apos;, ip: &apos;10.150.240.220&apos;, os.name: &apos;Windows 8&apos;, os.arch: &apos;amd64&apos;, os.version: &apos;6.2&apos;, java.version: &apos;1.6.0_45&apos;
*** Element info: {Using=id, value=home_account}
Session ID: fc816a99-2635-4124-8e72-27eb31b1ac7a
Driver info: org.openqa.selenium.firefox.FirefoxDriver
Capabilities [{platform=WINDOWS, acceptSslCerts=true, javascriptEnabled=true, browserName=firefox, rotatable=false, locationContextEnabled=true, version=33.0, cssSelectorsEnabled=true, databaseEnabled=true, handlesAlerts=true, nativeEvents=true, webStorageEnabled=true, applicationCacheEnabled=true, takesScreenshot=true}]
	at org.openqa.selenium.remote.ErrorHandler.createThrowable(ErrorHandler.java:204)
	at org.openqa.selenium.remote.ErrorHandler.throwIfResponseFailed(ErrorHandler.java:156)
	at org.openqa.selenium.remote.RemoteWebDriver.execute(RemoteWebDriver.java:605)
	at org.openqa.selenium.remote.RemoteWebDriver.findElement(RemoteWebDriver.java:358)
	at org.openqa.selenium.remote.RemoteWebDriver.findElementById(RemoteWebDriver.java:399)
	at org.openqa.selenium.By$ById.findElement(By.java:215)
	at org.openqa.selenium.remote.RemoteWebDriver.findElement(RemoteWebDriver.java:350)
	at core.Useractions.click(Useractions.java:19)
	at objects.homepage_loggedin_o.open_Myaccount(homepage_loggedin_o.java:10)
	at testcase.Registeration.logout(Registeration.java:80)
Caused by: org.openqa.selenium.NoSuchElementException: Unable to locate element: {&quot;method&quot;:&quot;id&quot;,&quot;selector&quot;:&quot;home_account&quot;}
For documentation on this error, please visit: http://seleniumhq.org/exceptions/no_such_element.html
Build info: version: &apos;2.46.0&apos;, revision: &apos;87c69e2&apos;, time: &apos;2015-06-04 16:16:47&apos;
System info: host: &apos;NODTBSD176AG&apos;, ip: &apos;10.150.240.220&apos;, os.name: &apos;Windows 8&apos;, os.arch: &apos;amd64&apos;, os.version: &apos;6.2&apos;, java.version: &apos;1.6.0_45&apos;
Driver info: driver.version: unknown
	at &lt;anonymous class&gt;.FirefoxDriver.prototype.findElementInternal_(file:///C:/Users/SUSHEE~1.THA/AppData/Local/Temp/anonymous3048996981951584354webdriver-profile/extensions/fxdriver@googlecode.com/components/driver-component.js:10299)
	at &lt;anonymous class&gt;.fxdriver.Timer.prototype.setTimeout/&lt;.notify(file:///C:/Users/SUSHEE~1.THA/AppData/Local/Temp/anonymous3048996981951584354webdriver-profile/extensions/fxdriver@googlecode.com/components/driver-component.js:603)
... Removed 28 stack frames</pre></div><a href='#' onClick='toggleBox("stack-trace1719136796", this, "Click to show all stack frames", "Click to hide stack frames")'>Click to show all stack frames</a>
<div class='stack-trace' id='stack-trace1719136796'><pre>org.openqa.selenium.NoSuchElementException: Unable to locate element: {&quot;method&quot;:&quot;id&quot;,&quot;selector&quot;:&quot;home_account&quot;}
Command duration or timeout: 15.10 seconds
For documentation on this error, please visit: http://seleniumhq.org/exceptions/no_such_element.html
Build info: version: &apos;2.46.0&apos;, revision: &apos;87c69e2&apos;, time: &apos;2015-06-04 16:16:47&apos;
System info: host: &apos;NODTBSD176AG&apos;, ip: &apos;10.150.240.220&apos;, os.name: &apos;Windows 8&apos;, os.arch: &apos;amd64&apos;, os.version: &apos;6.2&apos;, java.version: &apos;1.6.0_45&apos;
*** Element info: {Using=id, value=home_account}
Session ID: fc816a99-2635-4124-8e72-27eb31b1ac7a
Driver info: org.openqa.selenium.firefox.FirefoxDriver
Capabilities [{platform=WINDOWS, acceptSslCerts=true, javascriptEnabled=true, browserName=firefox, rotatable=false, locationContextEnabled=true, version=33.0, cssSelectorsEnabled=true, databaseEnabled=true, handlesAlerts=true, nativeEvents=true, webStorageEnabled=true, applicationCacheEnabled=true, takesScreenshot=true}]
	at sun.reflect.NativeConstructorAccessorImpl.newInstance0(Native Method)
	at sun.reflect.NativeConstructorAccessorImpl.newInstance(NativeConstructorAccessorImpl.java:39)
	at sun.reflect.DelegatingConstructorAccessorImpl.newInstance(DelegatingConstructorAccessorImpl.java:27)
	at java.lang.reflect.Constructor.newInstance(Constructor.java:513)
	at org.openqa.selenium.remote.ErrorHandler.createThrowable(ErrorHandler.java:204)
	at org.openqa.selenium.remote.ErrorHandler.throwIfResponseFailed(ErrorHandler.java:156)
	at org.openqa.selenium.remote.RemoteWebDriver.execute(RemoteWebDriver.java:605)
	at org.openqa.selenium.remote.RemoteWebDriver.findElement(RemoteWebDriver.java:358)
	at org.openqa.selenium.remote.RemoteWebDriver.findElementById(RemoteWebDriver.java:399)
	at org.openqa.selenium.By$ById.findElement(By.java:215)
	at org.openqa.selenium.remote.RemoteWebDriver.findElement(RemoteWebDriver.java:350)
	at core.Useractions.click(Useractions.java:19)
	at objects.homepage_loggedin_o.open_Myaccount(homepage_loggedin_o.java:10)
	at testcase.Registeration.logout(Registeration.java:80)
	at sun.reflect.NativeMethodAccessorImpl.invoke0(Native Method)
	at sun.reflect.NativeMethodAccessorImpl.invoke(NativeMethodAccessorImpl.java:39)
	at sun.reflect.DelegatingMethodAccessorImpl.invoke(DelegatingMethodAccessorImpl.java:25)
	at java.lang.reflect.Method.invoke(Method.java:597)
	at org.testng.internal.MethodInvocationHelper.invokeMethod(MethodInvocationHelper.java:84)
	at org.testng.internal.Invoker.invokeMethod(Invoker.java:714)
	at org.testng.internal.Invoker.invokeTestMethod(Invoker.java:901)
	at org.testng.internal.Invoker.invokeTestMethods(Invoker.java:1231)
	at org.testng.internal.TestMethodWorker.invokeTestMethods(TestMethodWorker.java:127)
	at org.testng.internal.TestMethodWorker.run(TestMethodWorker.java:111)
	at org.testng.TestRunner.privateRun(TestRunner.java:767)
	at org.testng.TestRunner.run(TestRunner.java:617)
	at org.testng.SuiteRunner.runTest(SuiteRunner.java:334)
	at org.testng.SuiteRunner.runSequentially(SuiteRunner.java:329)
	at org.testng.SuiteRunner.privateRun(SuiteRunner.java:291)
	at org.testng.SuiteRunner.run(SuiteRunner.java:240)
	at org.testng.SuiteRunnerWorker.runSuite(SuiteRunnerWorker.java:52)
	at org.testng.SuiteRunnerWorker.run(SuiteRunnerWorker.java:86)
	at org.testng.TestNG.runSuitesSequentially(TestNG.java:1224)
	at org.testng.TestNG.runSuitesLocally(TestNG.java:1149)
	at org.testng.TestNG.run(TestNG.java:1057)
	at org.testng.remote.RemoteTestNG.run(RemoteTestNG.java:111)
	at org.testng.remote.RemoteTestNG.initAndRun(RemoteTestNG.java:204)
	at org.testng.remote.RemoteTestNG.main(RemoteTestNG.java:175)
Caused by: org.openqa.selenium.NoSuchElementException: Unable to locate element: {&quot;method&quot;:&quot;id&quot;,&quot;selector&quot;:&quot;home_account&quot;}
For documentation on this error, please visit: http://seleniumhq.org/exceptions/no_such_element.html
Build info: version: &apos;2.46.0&apos;, revision: &apos;87c69e2&apos;, time: &apos;2015-06-04 16:16:47&apos;
System info: host: &apos;NODTBSD176AG&apos;, ip: &apos;10.150.240.220&apos;, os.name: &apos;Windows 8&apos;, os.arch: &apos;amd64&apos;, os.version: &apos;6.2&apos;, java.version: &apos;1.6.0_45&apos;
Driver info: driver.version: unknown
	at &lt;anonymous class&gt;.FirefoxDriver.prototype.findElementInternal_(file:///C:/Users/SUSHEE~1.THA/AppData/Local/Temp/anonymous3048996981951584354webdriver-profile/extensions/fxdriver@googlecode.com/components/driver-component.js:10299)
	at &lt;anonymous class&gt;.fxdriver.Timer.prototype.setTimeout/&lt;.notify(file:///C:/Users/SUSHEE~1.THA/AppData/Local/Temp/anonymous3048996981951584354webdriver-profile/extensions/fxdriver@googlecode.com/components/driver-component.js:603)
</pre></div></td>
<td>23</td>
<td>testcase.Registeration@420f9c40</td></tr>
<tr>
<td title='testcase.Registeration.user_Registeration_Validations()'><b>user_Registeration_Validations</b><br>Test class: testcase.Registeration<br>Parameters: 13, 8</td>
<td><div><pre>org.openqa.selenium.interactions.MoveTargetOutOfBoundsException: Element cannot be scrolled into view:javascript:void(0)
Command duration or timeout: 134 milliseconds
Build info: version: &apos;2.46.0&apos;, revision: &apos;87c69e2&apos;, time: &apos;2015-06-04 16:16:47&apos;
System info: host: &apos;NODTBSD176AG&apos;, ip: &apos;10.150.240.220&apos;, os.name: &apos;Windows 8&apos;, os.arch: &apos;amd64&apos;, os.version: &apos;6.2&apos;, java.version: &apos;1.6.0_45&apos;
Session ID: fc816a99-2635-4124-8e72-27eb31b1ac7a
Driver info: org.openqa.selenium.firefox.FirefoxDriver
Capabilities [{platform=WINDOWS, acceptSslCerts=true, javascriptEnabled=true, browserName=firefox, rotatable=false, locationContextEnabled=true, version=33.0, cssSelectorsEnabled=true, databaseEnabled=true, handlesAlerts=true, nativeEvents=true, webStorageEnabled=true, applicationCacheEnabled=true, takesScreenshot=true}]
	at org.openqa.selenium.remote.ErrorHandler.createThrowable(ErrorHandler.java:204)
	at org.openqa.selenium.remote.ErrorHandler.throwIfResponseFailed(ErrorHandler.java:156)
	at org.openqa.selenium.remote.RemoteWebDriver.execute(RemoteWebDriver.java:605)
	at org.openqa.selenium.remote.RemoteWebElement.execute(RemoteWebElement.java:269)
	at org.openqa.selenium.remote.RemoteWebElement.click(RemoteWebElement.java:80)
	at core.Useractions.click(Useractions.java:19)
	at objects.Registeration_o.registeration_Validations(Registeration_o.java:10)
	at testcase.Registeration.user_Registeration_Validations(Registeration.java:49)
Caused by: org.openqa.selenium.interactions.MoveTargetOutOfBoundsException: Element cannot be scrolled into view:javascript:void(0)
Build info: version: &apos;2.46.0&apos;, revision: &apos;87c69e2&apos;, time: &apos;2015-06-04 16:16:47&apos;
System info: host: &apos;NODTBSD176AG&apos;, ip: &apos;10.150.240.220&apos;, os.name: &apos;Windows 8&apos;, os.arch: &apos;amd64&apos;, os.version: &apos;6.2&apos;, java.version: &apos;1.6.0_45&apos;
Driver info: driver.version: unknown
	at &lt;anonymous class&gt;.WebElement.clickElement(file:///C:/Users/SUSHEE~1.THA/AppData/Local/Temp/anonymous3048996981951584354webdriver-profile/extensions/fxdriver@googlecode.com/components/command-processor.js:11693)
	at &lt;anonymous class&gt;.DelayedCommand.prototype.executeInternal_/h(file:///C:/Users/SUSHEE~1.THA/AppData/Local/Temp/anonymous3048996981951584354webdriver-profile/extensions/fxdriver@googlecode.com/components/command-processor.js:12282)
	at &lt;anonymous class&gt;.DelayedCommand.prototype.executeInternal_(file:///C:/Users/SUSHEE~1.THA/AppData/Local/Temp/anonymous3048996981951584354webdriver-profile/extensions/fxdriver@googlecode.com/components/command-processor.js:12287)
	at &lt;anonymous class&gt;.DelayedCommand.prototype.execute/&lt;(file:///C:/Users/SUSHEE~1.THA/AppData/Local/Temp/anonymous3048996981951584354webdriver-profile/extensions/fxdriver@googlecode.com/components/command-processor.js:12229)
... Removed 28 stack frames</pre></div><a href='#' onClick='toggleBox("stack-trace1341917490", this, "Click to show all stack frames", "Click to hide stack frames")'>Click to show all stack frames</a>
<div class='stack-trace' id='stack-trace1341917490'><pre>org.openqa.selenium.interactions.MoveTargetOutOfBoundsException: Element cannot be scrolled into view:javascript:void(0)
Command duration or timeout: 134 milliseconds
Build info: version: &apos;2.46.0&apos;, revision: &apos;87c69e2&apos;, time: &apos;2015-06-04 16:16:47&apos;
System info: host: &apos;NODTBSD176AG&apos;, ip: &apos;10.150.240.220&apos;, os.name: &apos;Windows 8&apos;, os.arch: &apos;amd64&apos;, os.version: &apos;6.2&apos;, java.version: &apos;1.6.0_45&apos;
Session ID: fc816a99-2635-4124-8e72-27eb31b1ac7a
Driver info: org.openqa.selenium.firefox.FirefoxDriver
Capabilities [{platform=WINDOWS, acceptSslCerts=true, javascriptEnabled=true, browserName=firefox, rotatable=false, locationContextEnabled=true, version=33.0, cssSelectorsEnabled=true, databaseEnabled=true, handlesAlerts=true, nativeEvents=true, webStorageEnabled=true, applicationCacheEnabled=true, takesScreenshot=true}]
	at sun.reflect.NativeConstructorAccessorImpl.newInstance0(Native Method)
	at sun.reflect.NativeConstructorAccessorImpl.newInstance(NativeConstructorAccessorImpl.java:39)
	at sun.reflect.DelegatingConstructorAccessorImpl.newInstance(DelegatingConstructorAccessorImpl.java:27)
	at java.lang.reflect.Constructor.newInstance(Constructor.java:513)
	at org.openqa.selenium.remote.ErrorHandler.createThrowable(ErrorHandler.java:204)
	at org.openqa.selenium.remote.ErrorHandler.throwIfResponseFailed(ErrorHandler.java:156)
	at org.openqa.selenium.remote.RemoteWebDriver.execute(RemoteWebDriver.java:605)
	at org.openqa.selenium.remote.RemoteWebElement.execute(RemoteWebElement.java:269)
	at org.openqa.selenium.remote.RemoteWebElement.click(RemoteWebElement.java:80)
	at core.Useractions.click(Useractions.java:19)
	at objects.Registeration_o.registeration_Validations(Registeration_o.java:10)
	at testcase.Registeration.user_Registeration_Validations(Registeration.java:49)
	at sun.reflect.NativeMethodAccessorImpl.invoke0(Native Method)
	at sun.reflect.NativeMethodAccessorImpl.invoke(NativeMethodAccessorImpl.java:39)
	at sun.reflect.DelegatingMethodAccessorImpl.invoke(DelegatingMethodAccessorImpl.java:25)
	at java.lang.reflect.Method.invoke(Method.java:597)
	at org.testng.internal.MethodInvocationHelper.invokeMethod(MethodInvocationHelper.java:84)
	at org.testng.internal.Invoker.invokeMethod(Invoker.java:714)
	at org.testng.internal.Invoker.invokeTestMethod(Invoker.java:901)
	at org.testng.internal.Invoker.invokeTestMethods(Invoker.java:1231)
	at org.testng.internal.TestMethodWorker.invokeTestMethods(TestMethodWorker.java:127)
	at org.testng.internal.TestMethodWorker.run(TestMethodWorker.java:111)
	at org.testng.TestRunner.privateRun(TestRunner.java:767)
	at org.testng.TestRunner.run(TestRunner.java:617)
	at org.testng.SuiteRunner.runTest(SuiteRunner.java:334)
	at org.testng.SuiteRunner.runSequentially(SuiteRunner.java:329)
	at org.testng.SuiteRunner.privateRun(SuiteRunner.java:291)
	at org.testng.SuiteRunner.run(SuiteRunner.java:240)
	at org.testng.SuiteRunnerWorker.runSuite(SuiteRunnerWorker.java:52)
	at org.testng.SuiteRunnerWorker.run(SuiteRunnerWorker.java:86)
	at org.testng.TestNG.runSuitesSequentially(TestNG.java:1224)
	at org.testng.TestNG.runSuitesLocally(TestNG.java:1149)
	at org.testng.TestNG.run(TestNG.java:1057)
	at org.testng.remote.RemoteTestNG.run(RemoteTestNG.java:111)
	at org.testng.remote.RemoteTestNG.initAndRun(RemoteTestNG.java:204)
	at org.testng.remote.RemoteTestNG.main(RemoteTestNG.java:175)
Caused by: org.openqa.selenium.interactions.MoveTargetOutOfBoundsException: Element cannot be scrolled into view:javascript:void(0)
Build info: version: &apos;2.46.0&apos;, revision: &apos;87c69e2&apos;, time: &apos;2015-06-04 16:16:47&apos;
System info: host: &apos;NODTBSD176AG&apos;, ip: &apos;10.150.240.220&apos;, os.name: &apos;Windows 8&apos;, os.arch: &apos;amd64&apos;, os.version: &apos;6.2&apos;, java.version: &apos;1.6.0_45&apos;
Driver info: driver.version: unknown
	at &lt;anonymous class&gt;.WebElement.clickElement(file:///C:/Users/SUSHEE~1.THA/AppData/Local/Temp/anonymous3048996981951584354webdriver-profile/extensions/fxdriver@googlecode.com/components/command-processor.js:11693)
	at &lt;anonymous class&gt;.DelayedCommand.prototype.executeInternal_/h(file:///C:/Users/SUSHEE~1.THA/AppData/Local/Temp/anonymous3048996981951584354webdriver-profile/extensions/fxdriver@googlecode.com/components/command-processor.js:12282)
	at &lt;anonymous class&gt;.DelayedCommand.prototype.executeInternal_(file:///C:/Users/SUSHEE~1.THA/AppData/Local/Temp/anonymous3048996981951584354webdriver-profile/extensions/fxdriver@googlecode.com/components/command-processor.js:12287)
	at &lt;anonymous class&gt;.DelayedCommand.prototype.execute/&lt;(file:///C:/Users/SUSHEE~1.THA/AppData/Local/Temp/anonymous3048996981951584354webdriver-profile/extensions/fxdriver@googlecode.com/components/command-processor.js:12229)
</pre></div></td>
<td>5</td>
<td>testcase.Registeration@420f9c40</td></tr>
</table><p>
<table width='100%' border='1' class='invocation-passed'>
<tr><td colspan='4' align='center'><b>PASSED TESTS</b></td></tr>
<tr><td><b>Test method</b></td>
<td width="30%"><b>Exception</b></td>
<td width="10%"><b>Time (seconds)</b></td>
<td><b>Instance</b></td>
</tr>
<tr>
<td title='testcase.Improve_resume.Improve_Resume_hover()'><b>Improve_Resume_hover</b><br>Test class: testcase.Improve_resume<br>Parameters: 18, 8</td>
<td></td>
<td>5</td>
<td>testcase.Improve_resume@296f25a7</td></tr>
<tr>
<td title='testcase.Registeration.Login()'><b>Login</b><br>Test class: testcase.Registeration<br>Parameters: 17, 8, anil31@mailinator.com, f00bar12, Sunil</td>
<td></td>
<td>13</td>
<td>testcase.Registeration@420f9c40</td></tr>
<tr>
<td title='testcase.Registeration.closeRegisteration_Shutter()'><b>closeRegisteration_Shutter</b><br>Test class: testcase.Registeration<br>Parameters: 12, 8</td>
<td></td>
<td>3</td>
<td>testcase.Registeration@420f9c40</td></tr>
<tr>
<td title='testcase.contactus_query.close_contact_us()'><b>close_contact_us</b><br>Test class: testcase.contactus_query<br>Parameters: 7, 8</td>
<td></td>
<td>2</td>
<td>testcase.contactus_query@40110c31</td></tr>
<tr>
<td title='testcase.Registeration.forgetPassword()'><b>forgetPassword</b><br>Test class: testcase.Registeration<br>Parameters: 16, 8, anil31@mailinator.com</td>
<td></td>
<td>33</td>
<td>testcase.Registeration@420f9c40</td></tr>
<tr>
<td title='testcase.Registeration.forget_pwd_email_verification()'><b>forget_pwd_email_verification</b><br>Test class: testcase.Registeration<br>Parameters: 16, 8, anil31@mailinator.com</td>
<td></td>
<td>6</td>
<td>testcase.Registeration@420f9c40</td></tr>
<tr>
<td title='testcase.Registeration.openRegisteration()'><b>openRegisteration</b><br>Test class: testcase.Registeration<br>Parameters: 10, 8</td>
<td></td>
<td>4</td>
<td>testcase.Registeration@420f9c40</td></tr>
<tr>
<td title='testcase.contactus_query.open_contact_us()'><b>open_contact_us</b><br>Test class: testcase.contactus_query<br>Parameters: 5, 8</td>
<td></td>
<td>0</td>
<td>testcase.contactus_query@40110c31</td></tr>
<tr>
<td title='testcase.contactus_query.submitQuery()'><b>submitQuery</b><br>Test class: testcase.contactus_query<br>Parameters: 9, 8, Sunil, sunil211@mailinator.com, 9910881849, Great Guys keep it up</td>
<td></td>
<td>4</td>
<td>testcase.contactus_query@40110c31</td></tr>
<tr>
<td title='testcase.contactus_query.submitQuery_Validations()'><b>submitQuery_Validations</b><br>Test class: testcase.contactus_query<br>Parameters: 8, 8</td>
<td></td>
<td>4</td>
<td>testcase.contactus_query@40110c31</td></tr>
<tr>
<td title='testcase.Registeration.user_Registeration()'><b>user_Registeration</b><br>Test class: testcase.Registeration<br>Parameters: 14, 8, Sunil, anil31@mailinator.com, f00bar12, f00bar12, 9910881849</td>
<td></td>
<td>16</td>
<td>testcase.Registeration@420f9c40</td></tr>
</table><p>
</body>
</html>