<?xml version="1.0" encoding="UTF-8"?>
<!-- Generated by org.testng.reporters.JUnitXMLReporter -->
<testsuite hostname="NODTBSD176AG" name="Firefox Result" tests="31" failures="1" timestamp="28 Aug 2015 05:37:30 GMT" time="330.537" errors="0">
  <testcase name="open_contact_us" time="0.884" classname="testcase.contactus_query"/>
  <testcase name="close_contact_us" time="0.429" classname="testcase.contactus_query"/>
  <testcase name="submitQuery_Validations" time="6.87" classname="testcase.contactus_query"/>
  <testcase name="submitQuery" time="6.004" classname="testcase.contactus_query"/>
  <testcase name="openRegisteration" time="2.308" classname="testcase.Registeration"/>
  <testcase name="closeRegisteration_Shutter" time="3.394" classname="testcase.Registeration"/>
  <testcase name="user_Registeration_Validations" time="12.017" classname="testcase.Registeration"/>
  <testcase name="user_Registeration" time="43.094" classname="testcase.Registeration">
    <failure type="org.openqa.selenium.TimeoutException" message="Timed out after 30 seconds waiting for element to be clickable: By.xpath: .//*[@id=&amp;apos;mailcontainer&amp;apos;]/li/a/div[2]
Build info: version: &amp;apos;2.46.0&amp;apos;, revision: &amp;apos;87c69e2&amp;apos;, time: &amp;apos;2015-06-04 16:16:47&amp;apos;
System info: host: &amp;apos;NODTBSD176AG&amp;apos;, ip: &amp;apos;10.150.240.220&amp;apos;, os.name: &amp;apos;Windows 8&amp;apos;, os.arch: &amp;apos;amd64&amp;apos;, os.version: &amp;apos;6.2&amp;apos;, java.version: &amp;apos;1.6.0_45&amp;apos;
Session ID: 515084f2-e1b5-40ec-b9d0-aa4a5e52e045
Driver info: org.openqa.selenium.firefox.FirefoxDriver
Capabilities [{platform=WINDOWS, acceptSslCerts=true, javascriptEnabled=true, browserName=firefox, rotatable=false, locationContextEnabled=true, version=33.0, cssSelectorsEnabled=true, databaseEnabled=true, handlesAlerts=true, nativeEvents=true, webStorageEnabled=true, applicationCacheEnabled=true, takesScreenshot=true}]">
      <![CDATA[org.openqa.selenium.TimeoutException: Timed out after 30 seconds waiting for element to be clickable: By.xpath: .//*[@id='mailcontainer']/li/a/div[2]
Build info: version: '2.46.0', revision: '87c69e2', time: '2015-06-04 16:16:47'
System info: host: 'NODTBSD176AG', ip: '10.150.240.220', os.name: 'Windows 8', os.arch: 'amd64', os.version: '6.2', java.version: '1.6.0_45'
Session ID: 515084f2-e1b5-40ec-b9d0-aa4a5e52e045
Driver info: org.openqa.selenium.firefox.FirefoxDriver
Capabilities [{platform=WINDOWS, acceptSslCerts=true, javascriptEnabled=true, browserName=firefox, rotatable=false, locationContextEnabled=true, version=33.0, cssSelectorsEnabled=true, databaseEnabled=true, handlesAlerts=true, nativeEvents=true, webStorageEnabled=true, applicationCacheEnabled=true, takesScreenshot=true}]
	at org.openqa.selenium.support.ui.WebDriverWait.timeoutException(WebDriverWait.java:80)
	at org.openqa.selenium.support.ui.FluentWait.until(FluentWait.java:229)
	at core.Useractions.click(Useractions.java:33)
	at objects.mailinator.openmail(mailinator.java:11)
	at testcase.Registeration.user_Registeration(Registeration.java:63)
Caused by: org.openqa.selenium.NoSuchElementException: Unable to locate element: {"method":"xpath","selector":".//*[@id='mailcontainer']/li/a/div[2]"}
Command duration or timeout: 15.13 seconds
For documentation on this error, please visit: http://seleniumhq.org/exceptions/no_such_element.html
Build info: version: '2.46.0', revision: '87c69e2', time: '2015-06-04 16:16:47'
System info: host: 'NODTBSD176AG', ip: '10.150.240.220', os.name: 'Windows 8', os.arch: 'amd64', os.version: '6.2', java.version: '1.6.0_45'
*** Element info: {Using=xpath, value=.//*[@id='mailcontainer']/li/a/div[2]}
Session ID: 515084f2-e1b5-40ec-b9d0-aa4a5e52e045
Driver info: org.openqa.selenium.firefox.FirefoxDriver
Capabilities [{platform=WINDOWS, acceptSslCerts=true, javascriptEnabled=true, browserName=firefox, rotatable=false, locationContextEnabled=true, version=33.0, cssSelectorsEnabled=true, databaseEnabled=true, handlesAlerts=true, nativeEvents=true, webStorageEnabled=true, applicationCacheEnabled=true, takesScreenshot=true}]
	at org.openqa.selenium.remote.ErrorHandler.createThrowable(ErrorHandler.java:204)
	at org.openqa.selenium.remote.ErrorHandler.throwIfResponseFailed(ErrorHandler.java:156)
	at org.openqa.selenium.remote.RemoteWebDriver.execute(RemoteWebDriver.java:605)
	at org.openqa.selenium.remote.RemoteWebDriver.findElement(RemoteWebDriver.java:358)
	at org.openqa.selenium.remote.RemoteWebDriver.findElementByXPath(RemoteWebDriver.java:455)
	at org.openqa.selenium.By$ByXPath.findElement(By.java:358)
	at org.openqa.selenium.remote.RemoteWebDriver.findElement(RemoteWebDriver.java:350)
	at org.openqa.selenium.support.ui.ExpectedConditions.findElement(ExpectedConditions.java:809)
	at org.openqa.selenium.support.ui.ExpectedConditions.access$0(ExpectedConditions.java:807)
	at org.openqa.selenium.support.ui.ExpectedConditions$7.apply(ExpectedConditions.java:205)
	at org.openqa.selenium.support.ui.ExpectedConditions$7.apply(ExpectedConditions.java:1)
	at org.openqa.selenium.support.ui.ExpectedConditions$20.apply(ExpectedConditions.java:603)
	at org.openqa.selenium.support.ui.ExpectedConditions$20.apply(ExpectedConditions.java:1)
	at org.openqa.selenium.support.ui.FluentWait.until(FluentWait.java:209)
	... 27 more
Caused by: org.openqa.selenium.NoSuchElementException: Unable to locate element: {"method":"xpath","selector":".//*[@id='mailcontainer']/li/a/div[2]"}
For documentation on this error, please visit: http://seleniumhq.org/exceptions/no_such_element.html
Build info: version: '2.46.0', revision: '87c69e2', time: '2015-06-04 16:16:47'
System info: host: 'NODTBSD176AG', ip: '10.150.240.220', os.name: 'Windows 8', os.arch: 'amd64', os.version: '6.2', java.version: '1.6.0_45'
Driver info: driver.version: unknown
	at <anonymous class>.FirefoxDriver.prototype.findElementInternal_(file:///C:/Users/SUSHEE~1.THA/AppData/Local/Temp/anonymous7280199914186214180webdriver-profile/extensions/fxdriver@googlecode.com/components/driver-component.js:10299)
	at <anonymous class>.fxdriver.Timer.prototype.setTimeout/<.notify(file:///C:/Users/SUSHEE~1.THA/AppData/Local/Temp/anonymous7280199914186214180webdriver-profile/extensions/fxdriver@googlecode.com/components/driver-component.js:603)
... Removed 28 stack frames]]>
    </failure>
  </testcase> <!-- user_Registeration -->
  <testcase name="logout" time="17.549" classname="testcase.Registeration"/>
  <testcase name="forgetPassword" time="33.241" classname="testcase.Registeration"/>
  <testcase name="forget_pwd_email_verification" time="5.453" classname="testcase.Registeration"/>
  <testcase name="Login" time="14.171" classname="testcase.Registeration"/>
  <testcase name="Improve_Resume_hover" time="13.526" classname="testcase.Improve_resume"/>
  <testcase name="Click_MRI" time="6.446" classname="testcase.Improve_resume"/>
  <testcase name="Click_MR_International" time="10.83" classname="testcase.Improve_resume"/>
  <testcase name="click_ResumeCritique" time="9.477" classname="testcase.Improve_resume"/>
  <testcase name="click_socialprofiler" time="8.903" classname="testcase.Improve_resume"/>
  <testcase name="click_visual_resume" time="6.642" classname="testcase.Improve_resume"/>
  <testcase name="click_visual_resume_premium" time="8.242" classname="testcase.Improve_resume"/>
  <testcase name="click_view_all_services" time="8.181" classname="testcase.Improve_resume"/>
  <testcase name="click_view_sample_resume" time="6.326" classname="testcase.Improve_resume"/>
  <testcase name="Click_body_Improve_resume_Link" time="10.58" classname="testcase.Magic_Resume_India"/>
  <testcase name="click_improve_resume_lindia_ink" time="14.961" classname="testcase.Magic_Resume_India"/>
  <testcase name="click_MR_India_Button" time="14.364" classname="testcase.Magic_Resume_India"/>
  <testcase name="Click_MR_India_EntryLevel_Tab" time="1.045" classname="testcase.Magic_Resume_India"/>
  <testcase name="Click_MR_India_MidLevel_Tab" time="5.038" classname="testcase.Magic_Resume_India"/>
  <testcase name="Click_MR_India_SeniorLevel_Tab" time="3.298" classname="testcase.Magic_Resume_India"/>
  <testcase name="click_MR_Internation_Button" time="5.87" classname="testcase.Magic_Resume_India"/>
  <testcase name="Click_MR_Internation_EntryLevel_Tab" time="2.366" classname="testcase.Magic_Resume_India"/>
  <testcase name="Click_MR_Internation_MidLevel_Tab" time="14.657" classname="testcase.Magic_Resume_India"/>
  <testcase name="Click_MR_Internation_SeniorLevel_Tab" time="5.991" classname="testcase.Magic_Resume_India"/>
</testsuite> <!-- Firefox Result -->
