<?xml version="1.0" encoding="UTF-8"?>
<!-- Generated by org.testng.reporters.JUnitXMLReporter -->
<testsuite hostname="NODTBSD176AG" name="Firefox4 Result" tests="13" failures="2" timestamp="31 Jul 2015 05:25:49 GMT" time="139.003" errors="0">
  <testcase name="open_contact_us" time="0.524" classname="testcase.contactus_query"/>
  <testcase name="close_contact_us" time="2.268" classname="testcase.contactus_query"/>
  <testcase name="submitQuery_Validations" time="4.986" classname="testcase.contactus_query"/>
  <testcase name="submitQuery" time="4.626" classname="testcase.contactus_query"/>
  <testcase name="openRegisteration" time="4.279" classname="testcase.Registeration"/>
  <testcase name="closeRegisteration_Shutter" time="3.266" classname="testcase.Registeration"/>
  <testcase name="user_Registeration_Validations" time="5.348" classname="testcase.Registeration">
    <failure type="org.openqa.selenium.interactions.MoveTargetOutOfBoundsException" message="Element cannot be scrolled into view:javascript:void(0)
Command duration or timeout: 134 milliseconds
Build info: version: &amp;apos;2.46.0&amp;apos;, revision: &amp;apos;87c69e2&amp;apos;, time: &amp;apos;2015-06-04 16:16:47&amp;apos;
System info: host: &amp;apos;NODTBSD176AG&amp;apos;, ip: &amp;apos;10.150.240.220&amp;apos;, os.name: &amp;apos;Windows 8&amp;apos;, os.arch: &amp;apos;amd64&amp;apos;, os.version: &amp;apos;6.2&amp;apos;, java.version: &amp;apos;1.6.0_45&amp;apos;
Session ID: fc816a99-2635-4124-8e72-27eb31b1ac7a
Driver info: org.openqa.selenium.firefox.FirefoxDriver
Capabilities [{platform=WINDOWS, acceptSslCerts=true, javascriptEnabled=true, browserName=firefox, rotatable=false, locationContextEnabled=true, version=33.0, cssSelectorsEnabled=true, databaseEnabled=true, handlesAlerts=true, nativeEvents=true, webStorageEnabled=true, applicationCacheEnabled=true, takesScreenshot=true}]">
      <![CDATA[org.openqa.selenium.interactions.MoveTargetOutOfBoundsException: Element cannot be scrolled into view:javascript:void(0)
Command duration or timeout: 134 milliseconds
Build info: version: '2.46.0', revision: '87c69e2', time: '2015-06-04 16:16:47'
System info: host: 'NODTBSD176AG', ip: '10.150.240.220', os.name: 'Windows 8', os.arch: 'amd64', os.version: '6.2', java.version: '1.6.0_45'
Session ID: fc816a99-2635-4124-8e72-27eb31b1ac7a
Driver info: org.openqa.selenium.firefox.FirefoxDriver
Capabilities [{platform=WINDOWS, acceptSslCerts=true, javascriptEnabled=true, browserName=firefox, rotatable=false, locationContextEnabled=true, version=33.0, cssSelectorsEnabled=true, databaseEnabled=true, handlesAlerts=true, nativeEvents=true, webStorageEnabled=true, applicationCacheEnabled=true, takesScreenshot=true}]
	at org.openqa.selenium.remote.ErrorHandler.createThrowable(ErrorHandler.java:204)
	at org.openqa.selenium.remote.ErrorHandler.throwIfResponseFailed(ErrorHandler.java:156)
	at org.openqa.selenium.remote.RemoteWebDriver.execute(RemoteWebDriver.java:605)
	at org.openqa.selenium.remote.RemoteWebElement.execute(RemoteWebElement.java:269)
	at org.openqa.selenium.remote.RemoteWebElement.click(RemoteWebElement.java:80)
	at core.Useractions.click(Useractions.java:19)
	at objects.Registeration_o.registeration_Validations(Registeration_o.java:10)
	at testcase.Registeration.user_Registeration_Validations(Registeration.java:49)
Caused by: org.openqa.selenium.interactions.MoveTargetOutOfBoundsException: Element cannot be scrolled into view:javascript:void(0)
Build info: version: '2.46.0', revision: '87c69e2', time: '2015-06-04 16:16:47'
System info: host: 'NODTBSD176AG', ip: '10.150.240.220', os.name: 'Windows 8', os.arch: 'amd64', os.version: '6.2', java.version: '1.6.0_45'
Driver info: driver.version: unknown
	at <anonymous class>.WebElement.clickElement(file:///C:/Users/SUSHEE~1.THA/AppData/Local/Temp/anonymous3048996981951584354webdriver-profile/extensions/fxdriver@googlecode.com/components/command-processor.js:11693)
	at <anonymous class>.DelayedCommand.prototype.executeInternal_/h(file:///C:/Users/SUSHEE~1.THA/AppData/Local/Temp/anonymous3048996981951584354webdriver-profile/extensions/fxdriver@googlecode.com/components/command-processor.js:12282)
	at <anonymous class>.DelayedCommand.prototype.executeInternal_(file:///C:/Users/SUSHEE~1.THA/AppData/Local/Temp/anonymous3048996981951584354webdriver-profile/extensions/fxdriver@googlecode.com/components/command-processor.js:12287)
	at <anonymous class>.DelayedCommand.prototype.execute/<(file:///C:/Users/SUSHEE~1.THA/AppData/Local/Temp/anonymous3048996981951584354webdriver-profile/extensions/fxdriver@googlecode.com/components/command-processor.js:12229)
... Removed 28 stack frames]]>
    </failure>
  </testcase> <!-- user_Registeration_Validations -->
  <testcase name="user_Registeration" time="16.608" classname="testcase.Registeration"/>
  <testcase name="logout" time="23.419" classname="testcase.Registeration">
    <failure type="org.openqa.selenium.NoSuchElementException" message="Unable to locate element: {&amp;quot;method&amp;quot;:&amp;quot;id&amp;quot;,&amp;quot;selector&amp;quot;:&amp;quot;home_account&amp;quot;}
Command duration or timeout: 15.10 seconds
For documentation on this error, please visit: http://seleniumhq.org/exceptions/no_such_element.html
Build info: version: &amp;apos;2.46.0&amp;apos;, revision: &amp;apos;87c69e2&amp;apos;, time: &amp;apos;2015-06-04 16:16:47&amp;apos;
System info: host: &amp;apos;NODTBSD176AG&amp;apos;, ip: &amp;apos;10.150.240.220&amp;apos;, os.name: &amp;apos;Windows 8&amp;apos;, os.arch: &amp;apos;amd64&amp;apos;, os.version: &amp;apos;6.2&amp;apos;, java.version: &amp;apos;1.6.0_45&amp;apos;
*** Element info: {Using=id, value=home_account}
Session ID: fc816a99-2635-4124-8e72-27eb31b1ac7a
Driver info: org.openqa.selenium.firefox.FirefoxDriver
Capabilities [{platform=WINDOWS, acceptSslCerts=true, javascriptEnabled=true, browserName=firefox, rotatable=false, locationContextEnabled=true, version=33.0, cssSelectorsEnabled=true, databaseEnabled=true, handlesAlerts=true, nativeEvents=true, webStorageEnabled=true, applicationCacheEnabled=true, takesScreenshot=true}]">
      <![CDATA[org.openqa.selenium.NoSuchElementException: Unable to locate element: {"method":"id","selector":"home_account"}
Command duration or timeout: 15.10 seconds
For documentation on this error, please visit: http://seleniumhq.org/exceptions/no_such_element.html
Build info: version: '2.46.0', revision: '87c69e2', time: '2015-06-04 16:16:47'
System info: host: 'NODTBSD176AG', ip: '10.150.240.220', os.name: 'Windows 8', os.arch: 'amd64', os.version: '6.2', java.version: '1.6.0_45'
*** Element info: {Using=id, value=home_account}
Session ID: fc816a99-2635-4124-8e72-27eb31b1ac7a
Driver info: org.openqa.selenium.firefox.FirefoxDriver
Capabilities [{platform=WINDOWS, acceptSslCerts=true, javascriptEnabled=true, browserName=firefox, rotatable=false, locationContextEnabled=true, version=33.0, cssSelectorsEnabled=true, databaseEnabled=true, handlesAlerts=true, nativeEvents=true, webStorageEnabled=true, applicationCacheEnabled=true, takesScreenshot=true}]
	at org.openqa.selenium.remote.ErrorHandler.createThrowable(ErrorHandler.java:204)
	at org.openqa.selenium.remote.ErrorHandler.throwIfResponseFailed(ErrorHandler.java:156)
	at org.openqa.selenium.remote.RemoteWebDriver.execute(RemoteWebDriver.java:605)
	at org.openqa.selenium.remote.RemoteWebDriver.findElement(RemoteWebDriver.java:358)
	at org.openqa.selenium.remote.RemoteWebDriver.findElementById(RemoteWebDriver.java:399)
	at org.openqa.selenium.By$ById.findElement(By.java:215)
	at org.openqa.selenium.remote.RemoteWebDriver.findElement(RemoteWebDriver.java:350)
	at core.Useractions.click(Useractions.java:19)
	at objects.homepage_loggedin_o.open_Myaccount(homepage_loggedin_o.java:10)
	at testcase.Registeration.logout(Registeration.java:80)
Caused by: org.openqa.selenium.NoSuchElementException: Unable to locate element: {"method":"id","selector":"home_account"}
For documentation on this error, please visit: http://seleniumhq.org/exceptions/no_such_element.html
Build info: version: '2.46.0', revision: '87c69e2', time: '2015-06-04 16:16:47'
System info: host: 'NODTBSD176AG', ip: '10.150.240.220', os.name: 'Windows 8', os.arch: 'amd64', os.version: '6.2', java.version: '1.6.0_45'
Driver info: driver.version: unknown
	at <anonymous class>.FirefoxDriver.prototype.findElementInternal_(file:///C:/Users/SUSHEE~1.THA/AppData/Local/Temp/anonymous3048996981951584354webdriver-profile/extensions/fxdriver@googlecode.com/components/driver-component.js:10299)
	at <anonymous class>.fxdriver.Timer.prototype.setTimeout/<.notify(file:///C:/Users/SUSHEE~1.THA/AppData/Local/Temp/anonymous3048996981951584354webdriver-profile/extensions/fxdriver@googlecode.com/components/driver-component.js:603)
... Removed 28 stack frames]]>
    </failure>
  </testcase> <!-- logout -->
  <testcase name="forgetPassword" time="33.088" classname="testcase.Registeration"/>
  <testcase name="forget_pwd_email_verification" time="6.372" classname="testcase.Registeration"/>
  <testcase name="Login" time="13.359" classname="testcase.Registeration"/>
  <testcase name="Improve_Resume_hover" time="5.104" classname="testcase.Improve_resume"/>
</testsuite> <!-- Firefox4 Result -->
